<?xml version="1.0" encoding="UTF-8" ?>
<testsuites name="vitest tests" tests="9" failures="0" errors="0" time="19.808523638">
    <testsuite name="test/unit/videos.test.ts" timestamp="2026-04-28T10:55:48.735Z" hostname="localhost" tests="6" failures="0" errors="0" skipped="0" time="0.140530833">
        <testcase classname="test/unit/videos.test.ts" name="videos helpers &gt; parses number suffixes" time="0.013704323">
        </testcase>
        <testcase classname="test/unit/videos.test.ts" name="videos helpers &gt; parses duration strings" time="0.003144427">
        </testcase>
        <testcase classname="test/unit/videos.test.ts" name="videos helpers &gt; extracts viewkey from Pornhub URLs" time="0.003419323">
        </testcase>
        <testcase classname="test/unit/videos.test.ts" name="videos helpers &gt; extracts flashvars and file variants" time="0.00543177">
        </testcase>
        <testcase classname="test/unit/videos.test.ts" name="videos helpers &gt; parses list cards and pagination" time="0.083515365">
        </testcase>
        <testcase classname="test/unit/videos.test.ts" name="videos helpers &gt; parses detail metadata fragments" time="0.015014114">
        </testcase>
    </testsuite>
    <testsuite name="test/integration/videos.test.ts" timestamp="2026-04-28T10:55:48.765Z" hostname="localhost" tests="3" failures="0" errors="0" skipped="0" time="19.667992805">
        <testcase classname="test/integration/videos.test.ts" name="Pornhub live integration &gt; loads real list pages" time="10.636464527">
        </testcase>
        <testcase classname="test/integration/videos.test.ts" name="Pornhub live integration &gt; navigates list pagination helpers" time="3.660954738">
        </testcase>
        <testcase classname="test/integration/videos.test.ts" name="Pornhub live integration &gt; loads details and detailsMany" time="5.346655414">
        </testcase>
    </testsuite>
</testsuites>
